<?xml version="1.0" encoding="UTF-8"?>
<testng-results skipped="0" failed="0" ignored="0" total="1" passed="1">
  <reporter-output>
  </reporter-output>
  <suite name="Suite" duration-ms="30" started-at="2018-12-23T07:37:23Z" finished-at="2018-12-23T07:37:23Z">
    <groups>
    </groups>
    <test name="Test" duration-ms="30" started-at="2018-12-23T07:37:23Z" finished-at="2018-12-23T07:37:23Z">
      <class name="PageObjects.TestClass1">
        <test-method status="PASS" signature="f()[pri:0, instance:PageObjects.TestClass1@4f933fd1]" name="f" duration-ms="8" started-at="2018-12-23T07:37:23Z" finished-at="2018-12-23T07:37:23Z">
          <reporter-output>
          </reporter-output>
        </test-method> <!-- f -->
      </class> <!-- PageObjects.TestClass1 -->
    </test> <!-- Test -->
  </suite> <!-- Suite -->
</testng-results>
