<?xml version="1.0" encoding="UTF-8"?>
<testng-results skipped="0" failed="0" ignored="4" total="10" passed="6">
  <reporter-output>
  </reporter-output>
  <suite name="Suite" duration-ms="31" started-at="2018-12-16T06:13:36Z" finished-at="2018-12-16T06:13:36Z">
    <groups>
      <group name="Sanity">
        <method signature="TestClass1.f2()[pri:0, instance:Package1.TestClass1@51081592]" name="f2" class="Package1.TestClass1"/>
        <method signature="TestClass1.f3()[pri:0, instance:Package1.TestClass1@51081592]" name="f3" class="Package1.TestClass1"/>
        <method signature="TestClass1.f4()[pri:0, instance:Package1.TestClass1@51081592]" name="f4" class="Package1.TestClass1"/>
        <method signature="TestClass2.f()[pri:0, instance:Package1.TestClass2@62ee68d8]" name="f" class="Package1.TestClass2"/>
        <method signature="TestClass2.f1()[pri:0, instance:Package1.TestClass2@62ee68d8]" name="f1" class="Package1.TestClass2"/>
        <method signature="TestClass2.f4()[pri:0, instance:Package1.TestClass2@62ee68d8]" name="f4" class="Package1.TestClass2"/>
      </group> <!-- Sanity -->
      <group name="Regression">
        <method signature="TestClass1.f4()[pri:0, instance:Package1.TestClass1@51081592]" name="f4" class="Package1.TestClass1"/>
        <method signature="TestClass2.f4()[pri:0, instance:Package1.TestClass2@62ee68d8]" name="f4" class="Package1.TestClass2"/>
      </group> <!-- Regression -->
    </groups>
    <test name="Test" duration-ms="31" started-at="2018-12-16T06:13:36Z" finished-at="2018-12-16T06:13:36Z">
      <class name="Package1.TestClass1">
        <test-method status="PASS" signature="f2()[pri:0, instance:Package1.TestClass1@51081592]" name="f2" duration-ms="16" started-at="2018-12-16T06:13:36Z" finished-at="2018-12-16T06:13:36Z">
          <reporter-output>
          </reporter-output>
        </test-method> <!-- f2 -->
        <test-method status="PASS" signature="f3()[pri:0, instance:Package1.TestClass1@51081592]" name="f3" duration-ms="0" started-at="2018-12-16T06:13:36Z" finished-at="2018-12-16T06:13:36Z">
          <reporter-output>
          </reporter-output>
        </test-method> <!-- f3 -->
        <test-method status="PASS" signature="f4()[pri:0, instance:Package1.TestClass1@51081592]" name="f4" duration-ms="0" started-at="2018-12-16T06:13:36Z" finished-at="2018-12-16T06:13:36Z">
          <reporter-output>
          </reporter-output>
        </test-method> <!-- f4 -->
      </class> <!-- Package1.TestClass1 -->
      <class name="Package1.TestClass2">
        <test-method status="PASS" signature="f4()[pri:0, instance:Package1.TestClass2@62ee68d8]" name="f4" duration-ms="0" started-at="2018-12-16T06:13:36Z" finished-at="2018-12-16T06:13:36Z">
          <reporter-output>
          </reporter-output>
        </test-method> <!-- f4 -->
        <test-method status="PASS" signature="f()[pri:0, instance:Package1.TestClass2@62ee68d8]" name="f" duration-ms="0" started-at="2018-12-16T06:13:36Z" finished-at="2018-12-16T06:13:36Z">
          <reporter-output>
          </reporter-output>
        </test-method> <!-- f -->
        <test-method status="PASS" signature="f1()[pri:0, instance:Package1.TestClass2@62ee68d8]" name="f1" duration-ms="0" started-at="2018-12-16T06:13:36Z" finished-at="2018-12-16T06:13:36Z">
          <reporter-output>
          </reporter-output>
        </test-method> <!-- f1 -->
      </class> <!-- Package1.TestClass2 -->
    </test> <!-- Test -->
  </suite> <!-- Suite -->
</testng-results>
