<?xml version="1.0" encoding="UTF-8"?>
<testng-results skipped="0" failed="0" ignored="5" total="10" passed="5">
  <reporter-output>
  </reporter-output>
  <suite name="Suite" duration-ms="120" started-at="2019-06-06T07:17:03Z" finished-at="2019-06-06T07:17:03Z">
    <groups>
    </groups>
    <test name="Test" duration-ms="48" started-at="2019-06-06T07:17:03Z" finished-at="2019-06-06T07:17:03Z">
      <class name="Package1.TestClass1">
        <test-method status="PASS" signature="f()[pri:0, instance:Package1.TestClass1@2ef5e5e3]" name="f" duration-ms="12" started-at="2019-06-06T07:17:03Z" finished-at="2019-06-06T07:17:03Z">
          <reporter-output>
          </reporter-output>
        </test-method> <!-- f -->
        <test-method status="PASS" signature="f1()[pri:0, instance:Package1.TestClass1@2ef5e5e3]" name="f1" duration-ms="4" started-at="2019-06-06T07:17:03Z" finished-at="2019-06-06T07:17:03Z">
          <reporter-output>
          </reporter-output>
        </test-method> <!-- f1 -->
        <test-method status="PASS" signature="f3()[pri:0, instance:Package1.TestClass1@2ef5e5e3]" name="f3" duration-ms="0" started-at="2019-06-06T07:17:03Z" finished-at="2019-06-06T07:17:03Z">
          <reporter-output>
          </reporter-output>
        </test-method> <!-- f3 -->
        <test-method status="PASS" signature="f2()[pri:0, instance:Package1.TestClass1@2ef5e5e3]" name="f2" duration-ms="0" started-at="2019-06-06T07:17:03Z" finished-at="2019-06-06T07:17:03Z">
          <reporter-output>
          </reporter-output>
        </test-method> <!-- f2 -->
      </class> <!-- Package1.TestClass1 -->
    </test> <!-- Test -->
    <test name="test1" duration-ms="4" started-at="2019-06-06T07:17:03Z" finished-at="2019-06-06T07:17:03Z">
      <class name="Package1.TestClass2">
        <test-method status="PASS" signature="f4()[pri:0, instance:Package1.TestClass2@2b98378d]" name="f4" duration-ms="4" started-at="2019-06-06T07:17:03Z" finished-at="2019-06-06T07:17:03Z">
          <reporter-output>
          </reporter-output>
        </test-method> <!-- f4 -->
      </class> <!-- Package1.TestClass2 -->
    </test> <!-- test1 -->
  </suite> <!-- Suite -->
</testng-results>
