<?xml version="1.0" encoding="UTF-8"?>
<testng-results skipped="0" failed="0" ignored="0" total="5" passed="5">
  <reporter-output>
  </reporter-output>
  <suite name="Suite" duration-ms="32" started-at="2019-06-28T23:00:28Z" finished-at="2019-06-28T23:00:28Z">
    <groups>
    </groups>
    <test name="Test" duration-ms="32" started-at="2019-06-28T23:00:28Z" finished-at="2019-06-28T23:00:28Z">
      <class name="Package1.TestClass1">
        <test-method status="PASS" signature="f4()[pri:1, instance:Package1.TestClass1@6cc4c815]" name="f4" duration-ms="16" started-at="2019-06-28T23:00:28Z" finished-at="2019-06-28T23:00:28Z">
          <reporter-output>
          </reporter-output>
        </test-method> <!-- f4 -->
        <test-method status="PASS" signature="f()[pri:2, instance:Package1.TestClass1@6cc4c815]" name="f" duration-ms="0" started-at="2019-06-28T23:00:28Z" finished-at="2019-06-28T23:00:28Z">
          <reporter-output>
          </reporter-output>
        </test-method> <!-- f -->
        <test-method status="PASS" signature="f1()[pri:5, instance:Package1.TestClass1@6cc4c815]" name="f1" duration-ms="0" started-at="2019-06-28T23:00:28Z" finished-at="2019-06-28T23:00:28Z">
          <reporter-output>
          </reporter-output>
        </test-method> <!-- f1 -->
        <test-method status="PASS" signature="f3()[pri:3, instance:Package1.TestClass1@6cc4c815]" name="f3" duration-ms="0" started-at="2019-06-28T23:00:28Z" finished-at="2019-06-28T23:00:28Z">
          <reporter-output>
          </reporter-output>
        </test-method> <!-- f3 -->
        <test-method status="PASS" signature="f2()[pri:4, instance:Package1.TestClass1@6cc4c815]" name="f2" duration-ms="0" started-at="2019-06-28T23:00:28Z" finished-at="2019-06-28T23:00:28Z">
          <reporter-output>
          </reporter-output>
        </test-method> <!-- f2 -->
      </class> <!-- Package1.TestClass1 -->
    </test> <!-- Test -->
  </suite> <!-- Suite -->
</testng-results>
