<?xml version="1.0" encoding="UTF-8"?>
<!-- Generated by org.testng.reporters.JUnitXMLReporter -->
<testsuite hostname="DESKTOP-PN3ADTT" ignored="0" name="Test1" tests="5" failures="0" timestamp="15 Dec 2018 17:55:34 GMT" time="0.015" errors="0">
  <testcase name="f" time="0.001" classname="Package1.TestClass1"/>
  <testcase name="f1" time="0.001" classname="Package1.TestClass1"/>
  <testcase name="f2" time="0.001" classname="Package1.TestClass1"/>
  <testcase name="f3" time="0.002" classname="Package1.TestClass1"/>
  <testcase name="f4" time="0.001" classname="Package1.TestClass1"/>
</testsuite> <!-- Test1 -->
