<?xml version="1.0" encoding="UTF-8"?>
<!-- Generated by org.testng.reporters.JUnitXMLReporter -->
<testsuite hostname="DESKTOP-PN3ADTT" ignored="0" name="Test2" tests="5" failures="0" timestamp="24 Jan 2019 00:29:44 GMT" time="0.012" errors="0">
  <testcase name="f" time="0.0" classname="Package1.TestClass1"/>
  <testcase name="f1" time="0.0" classname="Package1.TestClass1"/>
  <testcase name="f2" time="0.0" classname="Package1.TestClass1"/>
  <testcase name="f3" time="0.0" classname="Package1.TestClass1"/>
  <testcase name="f4" time="0.0" classname="Package1.TestClass1"/>
</testsuite> <!-- Test2 -->
