<?xml version="1.0" encoding="UTF-8"?>
<!-- Generated by org.testng.reporters.JUnitXMLReporter -->
<testsuite hostname="DESKTOP-PN3ADTT" ignored="0" name="Default test" tests="5" failures="0" timestamp="16 Dec 2018 05:29:26 GMT" time="0.041" errors="0">
  <testcase name="f4" time="0.009" classname="Package1.TestClass1"/>
  <testcase name="f" time="0.001" classname="Package1.TestClass1"/>
  <testcase name="f3" time="0.002" classname="Package1.TestClass1"/>
  <testcase name="f2" time="0.001" classname="Package1.TestClass1"/>
  <testcase name="f1" time="0.0" classname="Package1.TestClass1"/>
</testsuite> <!-- Default test -->
