<?xml version="1.0" encoding="UTF-8"?>
<!-- Generated by org.testng.reporters.JUnitXMLReporter -->
<testsuite hostname="DESKTOP-PN3ADTT" ignored="0" name="Test" tests="5" failures="0" timestamp="28 Jun 2019 23:00:28 GMT" time="0.032" errors="0">
  <testcase name="f4" time="0.016" classname="Package1.TestClass1"/>
  <testcase name="f" time="0.0" classname="Package1.TestClass1"/>
  <testcase name="f3" time="0.0" classname="Package1.TestClass1"/>
  <testcase name="f2" time="0.0" classname="Package1.TestClass1"/>
  <testcase name="f1" time="0.0" classname="Package1.TestClass1"/>
</testsuite> <!-- Test -->
