<?xml version="1.0" encoding="UTF-8"?>
<!-- Generated by org.testng.reporters.JUnitXMLReporter -->
<testsuite hostname="DESKTOP-PN3ADTT" ignored="0" name="Test" tests="3" failures="0" timestamp="24 Jan 2019 00:53:59 GMT" time="0.04" errors="0">
  <testcase name="Test_Para" time="0.008" classname="Package1.DataProviderClass"/>
  <testcase name="Test_Para" time="0.0" classname="Package1.DataProviderClass"/>
  <testcase name="Test_Para" time="0.0" classname="Package1.DataProviderClass"/>
</testsuite> <!-- Test -->
