<?xml version="1.0" encoding="UTF-8"?>
<testng-results skipped="0" failed="0" ignored="0" total="3" passed="3">
  <reporter-output>
  </reporter-output>
  <suite name="Suite" duration-ms="40" started-at="2019-01-24T00:53:59Z" finished-at="2019-01-24T00:53:59Z">
    <groups>
    </groups>
    <test name="Test" duration-ms="40" started-at="2019-01-24T00:53:59Z" finished-at="2019-01-24T00:53:59Z">
      <class name="Package1.DataProviderClass">
        <test-method status="PASS" signature="Test_Para(java.lang.String, java.lang.String)[pri:0, instance:Package1.DataProviderClass@100fc185]" name="Test_Para" duration-ms="8" started-at="2019-01-24T00:53:59Z" data-provider="TestData" finished-at="2019-01-24T00:53:59Z">
          <params>
            <param index="0">
              <value>
                <![CDATA[U1]]>
              </value>
            </param>
            <param index="1">
              <value>
                <![CDATA[P1]]>
              </value>
            </param>
          </params>
          <reporter-output>
          </reporter-output>
        </test-method> <!-- Test_Para -->
        <test-method status="PASS" signature="Test_Para(java.lang.String, java.lang.String)[pri:0, instance:Package1.DataProviderClass@100fc185]" name="Test_Para" duration-ms="0" started-at="2019-01-24T00:53:59Z" data-provider="TestData" finished-at="2019-01-24T00:53:59Z">
          <params>
            <param index="0">
              <value>
                <![CDATA[U2]]>
              </value>
            </param>
            <param index="1">
              <value>
                <![CDATA[P2]]>
              </value>
            </param>
          </params>
          <reporter-output>
          </reporter-output>
        </test-method> <!-- Test_Para -->
        <test-method status="PASS" signature="Test_Para(java.lang.String, java.lang.String)[pri:0, instance:Package1.DataProviderClass@100fc185]" name="Test_Para" duration-ms="0" started-at="2019-01-24T00:53:59Z" data-provider="TestData" finished-at="2019-01-24T00:53:59Z">
          <params>
            <param index="0">
              <value>
                <![CDATA[U3]]>
              </value>
            </param>
            <param index="1">
              <value>
                <![CDATA[P3]]>
              </value>
            </param>
          </params>
          <reporter-output>
          </reporter-output>
        </test-method> <!-- Test_Para -->
      </class> <!-- Package1.DataProviderClass -->
    </test> <!-- Test -->
  </suite> <!-- Suite -->
</testng-results>
