<?xml version="1.0" encoding="UTF-8"?>
<!-- Generated by org.testng.reporters.JUnitXMLReporter -->
<testsuite hostname="DESKTOP-PN3ADTT" ignored="0" name="Default test" tests="3" failures="0" timestamp="20 Dec 2018 03:47:58 GMT" time="0.037" errors="0">
  <testcase name="Test_Para" time="0.007" classname="Package1.DataProviderClass"/>
  <testcase name="Test_Para" time="0.001" classname="Package1.DataProviderClass"/>
  <testcase name="Test_Para" time="0.001" classname="Package1.DataProviderClass"/>
</testsuite> <!-- Default test -->
