<?xml version="1.0" encoding="UTF-8"?>
<testng-results skipped="0" failed="0" ignored="0" total="2" passed="2">
  <reporter-output>
  </reporter-output>
  <suite name="Suite" duration-ms="64" started-at="2019-06-09T22:32:02Z" finished-at="2019-06-09T22:32:02Z">
    <groups>
    </groups>
    <test name="Test" duration-ms="64" started-at="2019-06-09T22:32:02Z" finished-at="2019-06-09T22:32:02Z">
      <class name="Package1.TestClass2">
        <test-method status="PASS" signature="beforeTest()[pri:0, instance:Package1.TestClass2@58651fd0]" name="beforeTest" is-config="true" duration-ms="16" started-at="2019-06-09T22:32:02Z" finished-at="2019-06-09T22:32:02Z">
          <reporter-output>
          </reporter-output>
        </test-method> <!-- beforeTest -->
        <test-method status="PASS" signature="beforeTest()[pri:0, instance:Package1.TestClass3@4520ebad]" name="beforeTest" is-config="true" duration-ms="0" started-at="2019-06-09T22:32:02Z" finished-at="2019-06-09T22:32:02Z">
          <reporter-output>
          </reporter-output>
        </test-method> <!-- beforeTest -->
        <test-method status="PASS" signature="f()[pri:0, instance:Package1.TestClass2@58651fd0]" name="f" duration-ms="8" started-at="2019-06-09T22:32:02Z" finished-at="2019-06-09T22:32:02Z">
          <reporter-output>
          </reporter-output>
        </test-method> <!-- f -->
        <test-method status="PASS" signature="afterTest()[pri:0, instance:Package1.TestClass2@58651fd0]" name="afterTest" is-config="true" duration-ms="0" started-at="2019-06-09T22:32:02Z" finished-at="2019-06-09T22:32:02Z">
          <reporter-output>
          </reporter-output>
        </test-method> <!-- afterTest -->
        <test-method status="PASS" signature="afterTest()[pri:0, instance:Package1.TestClass3@4520ebad]" name="afterTest" is-config="true" duration-ms="0" started-at="2019-06-09T22:32:02Z" finished-at="2019-06-09T22:32:02Z">
          <reporter-output>
          </reporter-output>
        </test-method> <!-- afterTest -->
      </class> <!-- Package1.TestClass2 -->
      <class name="Package1.TestClass3">
        <test-method status="PASS" signature="f()[pri:0, instance:Package1.TestClass3@4520ebad]" name="f" duration-ms="4" started-at="2019-06-09T22:32:02Z" finished-at="2019-06-09T22:32:02Z">
          <reporter-output>
          </reporter-output>
        </test-method> <!-- f -->
      </class> <!-- Package1.TestClass3 -->
    </test> <!-- Test -->
  </suite> <!-- Suite -->
</testng-results>
