<?xml version="1.0" encoding="UTF-8"?>
<!-- Generated by org.testng.reporters.JUnitXMLReporter -->
<testsuite hostname="DESKTOP-PN3ADTT" ignored="4" name="test1" tests="1" failures="0" timestamp="06 Jun 2019 07:17:03 GMT" time="0.004" errors="0">
  <testcase name="f4" time="0.004" classname="Package1.TestClass2"/>
  <testcase name="f" time="0.0" classname="Package1.TestClass2">
    <ignored/>
  </testcase> <!-- f -->
  <testcase name="f2" time="0.0" classname="Package1.TestClass2">
    <ignored/>
  </testcase> <!-- f2 -->
  <testcase name="f1" time="0.0" classname="Package1.TestClass2">
    <ignored/>
  </testcase> <!-- f1 -->
  <testcase name="f3" time="0.0" classname="Package1.TestClass2">
    <ignored/>
  </testcase> <!-- f3 -->
</testsuite> <!-- test1 -->
