<?xml version="1.0" encoding="UTF-8"?>
<!-- Generated by org.testng.reporters.JUnitXMLReporter -->
<testsuite hostname="DESKTOP-PN3ADTT" ignored="0" name="Test" tests="4" failures="0" timestamp="04 Jun 2019 23:28:39 GMT" time="22.412" errors="0">
  <testcase name="f2" time="0.012" classname="Package2.TestClass2"/>
  <testcase name="f1" time="0.012" classname="Package1.TestClass1"/>
  <testcase name="f" time="13.213" classname="Package1.TestClass1"/>
  <testcase name="f" time="22.363" classname="Package2.TestClass2"/>
</testsuite> <!-- Test -->
