<?xml version="1.0" encoding="UTF-8"?>
<testng-results skipped="0" failed="0" ignored="0" total="10" passed="10">
  <reporter-output>
  </reporter-output>
  <suite name="Suite" duration-ms="110" started-at="2019-01-24T00:29:44Z" finished-at="2019-01-24T00:29:44Z">
    <groups>
    </groups>
    <test name="Test" duration-ms="42" started-at="2019-01-24T00:29:44Z" finished-at="2019-01-24T00:29:44Z">
      <class name="Package1.TestClass1">
        <test-method status="PASS" signature="f()[pri:0, instance:Package1.TestClass1@6cc4c815]" name="f" duration-ms="8" started-at="2019-01-24T00:29:44Z" finished-at="2019-01-24T00:29:44Z">
          <reporter-output>
          </reporter-output>
        </test-method> <!-- f -->
        <test-method status="PASS" signature="f2()[pri:0, instance:Package1.TestClass1@6cc4c815]" name="f2" duration-ms="4" started-at="2019-01-24T00:29:44Z" finished-at="2019-01-24T00:29:44Z">
          <reporter-output>
          </reporter-output>
        </test-method> <!-- f2 -->
        <test-method status="PASS" signature="f1()[pri:0, instance:Package1.TestClass1@6cc4c815]" name="f1" duration-ms="0" started-at="2019-01-24T00:29:44Z" finished-at="2019-01-24T00:29:44Z">
          <reporter-output>
          </reporter-output>
        </test-method> <!-- f1 -->
        <test-method status="PASS" signature="f3()[pri:0, instance:Package1.TestClass1@6cc4c815]" name="f3" duration-ms="0" started-at="2019-01-24T00:29:44Z" finished-at="2019-01-24T00:29:44Z">
          <reporter-output>
          </reporter-output>
        </test-method> <!-- f3 -->
        <test-method status="PASS" signature="f4()[pri:0, instance:Package1.TestClass1@6cc4c815]" name="f4" duration-ms="4" started-at="2019-01-24T00:29:44Z" finished-at="2019-01-24T00:29:44Z">
          <reporter-output>
          </reporter-output>
        </test-method> <!-- f4 -->
      </class> <!-- Package1.TestClass1 -->
    </test> <!-- Test -->
    <test name="Test2" duration-ms="12" started-at="2019-01-24T00:29:44Z" finished-at="2019-01-24T00:29:44Z">
      <class name="Package1.TestClass1">
        <test-method status="PASS" signature="f()[pri:0, instance:Package1.TestClass1@cc285f4]" name="f" duration-ms="0" started-at="2019-01-24T00:29:44Z" finished-at="2019-01-24T00:29:44Z">
          <reporter-output>
          </reporter-output>
        </test-method> <!-- f -->
        <test-method status="PASS" signature="f2()[pri:0, instance:Package1.TestClass1@cc285f4]" name="f2" duration-ms="0" started-at="2019-01-24T00:29:44Z" finished-at="2019-01-24T00:29:44Z">
          <reporter-output>
          </reporter-output>
        </test-method> <!-- f2 -->
        <test-method status="PASS" signature="f1()[pri:0, instance:Package1.TestClass1@cc285f4]" name="f1" duration-ms="0" started-at="2019-01-24T00:29:44Z" finished-at="2019-01-24T00:29:44Z">
          <reporter-output>
          </reporter-output>
        </test-method> <!-- f1 -->
        <test-method status="PASS" signature="f4()[pri:0, instance:Package1.TestClass1@cc285f4]" name="f4" duration-ms="0" started-at="2019-01-24T00:29:44Z" finished-at="2019-01-24T00:29:44Z">
          <reporter-output>
          </reporter-output>
        </test-method> <!-- f4 -->
        <test-method status="PASS" signature="f3()[pri:0, instance:Package1.TestClass1@cc285f4]" name="f3" duration-ms="0" started-at="2019-01-24T00:29:44Z" finished-at="2019-01-24T00:29:44Z">
          <reporter-output>
          </reporter-output>
        </test-method> <!-- f3 -->
      </class> <!-- Package1.TestClass1 -->
    </test> <!-- Test2 -->
  </suite> <!-- Suite -->
</testng-results>
