<?xml version="1.0" encoding="UTF-8"?>
<!-- Generated by org.testng.reporters.JUnitXMLReporter -->
<testsuite hostname="DESKTOP-PN3ADTT" ignored="1" name="Default test" tests="4" failures="0" timestamp="16 Dec 2018 06:27:23 GMT" time="0.031" errors="0">
  <testcase name="f" time="0.0" classname="Package1.TestClass1"/>
  <testcase name="f" time="0.0" classname="Package1.TestClass1"/>
  <testcase name="f" time="0.0" classname="Package1.TestClass1"/>
  <testcase name="f1" time="0.0" classname="Package1.TestClass1"/>
  <testcase name="f2" time="0.0" classname="Package1.TestClass1">
    <ignored/>
  </testcase> <!-- f2 -->
</testsuite> <!-- Default test -->
