<?xml version="1.0" encoding="UTF-8"?>
<testng-results skipped="0" failed="0" ignored="1" total="5" passed="4">
  <reporter-output>
  </reporter-output>
  <suite name="Suite" duration-ms="52" started-at="2019-06-06T07:19:53Z" finished-at="2019-06-06T07:19:53Z">
    <groups>
    </groups>
    <test name="Test" duration-ms="52" started-at="2019-06-06T07:19:53Z" finished-at="2019-06-06T07:19:53Z">
      <class name="Package1.TestClass1">
        <test-method status="PASS" signature="f()[pri:0, instance:Package1.TestClass1@6cc4c815]" name="f" duration-ms="12" started-at="2019-06-06T07:19:53Z" finished-at="2019-06-06T07:19:53Z">
          <reporter-output>
          </reporter-output>
        </test-method> <!-- f -->
        <test-method status="PASS" signature="f()[pri:0, instance:Package1.TestClass1@6cc4c815]" name="f" duration-ms="4" started-at="2019-06-06T07:19:53Z" finished-at="2019-06-06T07:19:53Z">
          <reporter-output>
          </reporter-output>
        </test-method> <!-- f -->
        <test-method status="PASS" signature="f()[pri:0, instance:Package1.TestClass1@6cc4c815]" name="f" duration-ms="4" started-at="2019-06-06T07:19:53Z" finished-at="2019-06-06T07:19:53Z">
          <reporter-output>
          </reporter-output>
        </test-method> <!-- f -->
        <test-method status="PASS" signature="f1()[pri:0, instance:Package1.TestClass1@6cc4c815]" name="f1" duration-ms="0" started-at="2019-06-06T07:19:53Z" finished-at="2019-06-06T07:19:53Z">
          <reporter-output>
          </reporter-output>
        </test-method> <!-- f1 -->
      </class> <!-- Package1.TestClass1 -->
    </test> <!-- Test -->
  </suite> <!-- Suite -->
</testng-results>
