<?xml version="1.0" encoding="UTF-8"?>
<testng-results skipped="0" failed="0" ignored="0" total="1" passed="1">
  <reporter-output>
  </reporter-output>
  <suite name="Suite" duration-ms="67" started-at="2019-06-04T22:42:36Z" finished-at="2019-06-04T22:42:36Z">
    <groups>
    </groups>
    <test name="Test" duration-ms="67" started-at="2019-06-04T22:42:36Z" finished-at="2019-06-04T22:42:36Z">
      <class name="usingTestNG.TestNGdemo">
        <test-method status="PASS" signature="beforeMethod()[pri:0, instance:usingTestNG.TestNGdemo@7823a2f9]" name="beforeMethod" is-config="true" duration-ms="20" started-at="2019-06-04T22:42:36Z" finished-at="2019-06-04T22:42:36Z">
          <reporter-output>
          </reporter-output>
        </test-method> <!-- beforeMethod -->
        <test-method status="PASS" signature="f()[pri:0, instance:usingTestNG.TestNGdemo@7823a2f9]" name="f" duration-ms="4" started-at="2019-06-04T22:42:36Z" finished-at="2019-06-04T22:42:36Z">
          <reporter-output>
          </reporter-output>
        </test-method> <!-- f -->
        <test-method status="PASS" signature="afterMethod()[pri:0, instance:usingTestNG.TestNGdemo@7823a2f9]" name="afterMethod" is-config="true" duration-ms="0" started-at="2019-06-04T22:42:36Z" finished-at="2019-06-04T22:42:36Z">
          <reporter-output>
          </reporter-output>
        </test-method> <!-- afterMethod -->
      </class> <!-- usingTestNG.TestNGdemo -->
    </test> <!-- Test -->
  </suite> <!-- Suite -->
</testng-results>
