<?xml version="1.0" encoding="UTF-8"?>
<testng-results skipped="0" failed="0" ignored="0" total="4" passed="4">
  <reporter-output>
  </reporter-output>
  <suite name="Suite" duration-ms="22412" started-at="2019-06-04T23:28:17Z" finished-at="2019-06-04T23:28:39Z">
    <groups>
    </groups>
    <test name="Test" duration-ms="22412" started-at="2019-06-04T23:28:17Z" finished-at="2019-06-04T23:28:39Z">
      <class name="Package1.TestClass1">
        <test-method status="PASS" signature="f1()[pri:0, instance:Package1.TestClass1@1593948d]" name="f1" duration-ms="12" started-at="2019-06-04T23:28:17Z" finished-at="2019-06-04T23:28:17Z">
          <reporter-output>
          </reporter-output>
        </test-method> <!-- f1 -->
        <test-method status="PASS" signature="f()[pri:0, instance:Package1.TestClass1@1593948d]" name="f" duration-ms="13213" started-at="2019-06-04T23:28:17Z" finished-at="2019-06-04T23:28:30Z">
          <reporter-output>
          </reporter-output>
        </test-method> <!-- f -->
      </class> <!-- Package1.TestClass1 -->
      <class name="Package2.TestClass2">
        <test-method status="PASS" signature="f2()[pri:0, instance:Package2.TestClass2@4cc0edeb]" name="f2" duration-ms="12" started-at="2019-06-04T23:28:17Z" finished-at="2019-06-04T23:28:17Z">
          <reporter-output>
          </reporter-output>
        </test-method> <!-- f2 -->
        <test-method status="PASS" signature="f()[pri:0, instance:Package2.TestClass2@4cc0edeb]" name="f" duration-ms="22363" started-at="2019-06-04T23:28:17Z" finished-at="2019-06-04T23:28:39Z">
          <reporter-output>
          </reporter-output>
        </test-method> <!-- f -->
      </class> <!-- Package2.TestClass2 -->
    </test> <!-- Test -->
  </suite> <!-- Suite -->
</testng-results>
