<?xml version="1.0" encoding="UTF-8"?>
<!-- Generated by org.testng.reporters.JUnitXMLReporter -->
<testsuite hostname="DESKTOP-PN3ADTT" ignored="4" name="Test" tests="6" failures="0" timestamp="16 Dec 2018 06:13:36 GMT" time="0.031" errors="0">
  <testcase name="f2" time="0.016" classname="Package1.TestClass1"/>
  <testcase name="f3" time="0.0" classname="Package1.TestClass1"/>
  <testcase name="f4" time="0.0" classname="Package1.TestClass1"/>
  <testcase name="f" time="0.0" classname="Package1.TestClass2"/>
  <testcase name="f1" time="0.0" classname="Package1.TestClass2"/>
  <testcase name="f4" time="0.0" classname="Package1.TestClass2"/>
  <testcase name="f" time="0.0" classname="Package1.TestClass1">
    <ignored/>
  </testcase> <!-- f -->
  <testcase name="f1" time="0.0" classname="Package1.TestClass1">
    <ignored/>
  </testcase> <!-- f1 -->
  <testcase name="f2" time="0.0" classname="Package1.TestClass2">
    <ignored/>
  </testcase> <!-- f2 -->
  <testcase name="f3" time="0.0" classname="Package1.TestClass2">
    <ignored/>
  </testcase> <!-- f3 -->
</testsuite> <!-- Test -->
