<?xml version="1.0" encoding="UTF-8"?>
<!-- Generated by org.testng.reporters.JUnitXMLReporter -->
<testsuite hostname="DESKTOP-PN3ADTT" ignored="1" name="Test" tests="4" failures="0" timestamp="06 Jun 2019 07:19:53 GMT" time="0.052" errors="0">
  <testcase name="f" time="0.012" classname="Package1.TestClass1"/>
  <testcase name="f" time="0.004" classname="Package1.TestClass1"/>
  <testcase name="f" time="0.004" classname="Package1.TestClass1"/>
  <testcase name="f1" time="0.0" classname="Package1.TestClass1"/>
  <testcase name="f2" time="0.0" classname="Package1.TestClass1">
    <ignored/>
  </testcase> <!-- f2 -->
</testsuite> <!-- Test -->
